Using pre-set license
Built from '2020.3/staging' branch; Version is '2020.3.11f1 (99c7afb366b3) revision 10078127'; Using compiler version '192528614'; Build Type 'Release'
OS: 'Windows 10 Home; OS build 22000.613; Version 2009; 64bit' Language: 'es' Physical Memory: 16125 MB
BatchMode: 1, IsHumanControllingUs: 0, StartBugReporterOnCrash: 0, Is64bit: 1, IsPro: 0

 COMMAND LINE ARGUMENTS:
C:\Program Files\Unity\Hub\Editor\2020.3.11f1\Editor\Unity.exe
-adb2
-batchMode
-noUpm
-name
AssetImportWorker0
-projectPath
C:/Users/jcova/Documents/Baaxal/DriverTruck
-logFile
Logs/AssetImportWorker0.log
-srvPort
60400
Successfully changed project path to: C:/Users/jcova/Documents/Baaxal/DriverTruck
C:/Users/jcova/Documents/Baaxal/DriverTruck
Using Asset Import Pipeline V2.
Refreshing native plugins compatible for Editor in 24.70 ms, found 3 plugins.
Preloading 0 native plugins for Editor in 0.00 ms.
Initialize engine version: 2020.3.11f1 (99c7afb366b3)
[Subsystems] Discovering subsystems at path C:/Program Files/Unity/Hub/Editor/2020.3.11f1/Editor/Data/Resources/UnitySubsystems
[Subsystems] Discovering subsystems at path C:/Users/jcova/Documents/Baaxal/DriverTruck/Assets
GfxDevice: creating device client; threaded=0
Direct3D:
    Version:  Direct3D 11.0 [level 11.1]
    Renderer: NVIDIA GeForce GTX 1070 (ID=0x1b81)
    Vendor:   
    VRAM:     8088 MB
    Driver:   30.0.15.1165
Initialize mono
Mono path[0] = 'C:/Program Files/Unity/Hub/Editor/2020.3.11f1/Editor/Data/Managed'
Mono path[1] = 'C:/Program Files/Unity/Hub/Editor/2020.3.11f1/Editor/Data/MonoBleedingEdge/lib/mono/unityjit'
Mono config path = 'C:/Program Files/Unity/Hub/Editor/2020.3.11f1/Editor/Data/MonoBleedingEdge/etc'
Using monoOptions --debugger-agent=transport=dt_socket,embedding=1,server=y,suspend=n,address=127.0.0.1:56276
Begin MonoManager ReloadAssembly
Registering precompiled unity dll's ...
Register platform support module: C:/Program Files/Unity/Hub/Editor/2020.3.11f1/Editor/Data/PlaybackEngines/WindowsStandaloneSupport/UnityEditor.WindowsStandalone.Extensions.dll
Registered in 0.000825 seconds.
Native extension for WindowsStandalone target not found
Refreshing native plugins compatible for Editor in 25.18 ms, found 3 plugins.
Preloading 0 native plugins for Editor in 0.00 ms.
Mono: successfully reloaded assembly
- Completed reload, in  0.602 seconds
Platform modules already initialized, skipping
Registering precompiled user dll's ...
Registered in 0.001975 seconds.
Begin MonoManager ReloadAssembly
Native extension for WindowsStandalone target not found
Refreshing native plugins compatible for Editor in 28.54 ms, found 3 plugins.
Preloading 0 native plugins for Editor in 0.00 ms.
Mono: successfully reloaded assembly
- Completed reload, in  0.641 seconds
Platform modules already initialized, skipping
========================================================================
Worker process is ready to serve import requests
Launched and connected shader compiler UnityShaderCompiler.exe after 0.03 seconds
Refreshing native plugins compatible for Editor in 0.32 ms, found 3 plugins.
Preloading 0 native plugins for Editor in 0.00 ms.
Unloading 2155 Unused Serialized files (Serialized files now loaded: 0)
System memory in use before: 97.2 MB.
System memory in use after: 97.2 MB.

Unloading 33 unused Assets to reduce memory usage. Loaded Objects now: 2589.
Total: 1.548500 ms (FindLiveObjects: 0.114000 ms CreateObjectMapping: 0.029800 ms MarkObjects: 1.310200 ms  DeleteObjects: 0.093700 ms)

========================================================================
Received Import Request.
  path: ProjectSettings/TagManager.asset
  artifactKey: Guid(00000000000000003000000000000000) Importer(815301076,1909f56bfc062723c751e8b465ee728b)
Start importing ProjectSettings/TagManager.asset using Guid(00000000000000003000000000000000) Importer(815301076,1909f56bfc062723c751e8b465ee728b)  -> (artifact id: '6b0abf449e82115e3b5e638cdf99e9d4') in 0.023736 seconds
  Import took 0.026054 seconds .

========================================================================
Received Prepare
Registering precompiled user dll's ...
Registered in 0.002073 seconds.
Begin MonoManager ReloadAssembly
Native extension for WindowsStandalone target not found
Refreshing native plugins compatible for Editor in 0.30 ms, found 3 plugins.
Preloading 0 native plugins for Editor in 0.00 ms.
Mono: successfully reloaded assembly
- Completed reload, in  0.570 seconds
Platform modules already initialized, skipping
Switching build target platform(19) subTarget(0) extendedPlatform(0) -> platform(13) subTarget(537395200) extendedPlatform(0)
Refreshing native plugins compatible for Editor in 0.30 ms, found 3 plugins.
Preloading 0 native plugins for Editor in 0.00 ms.
Unloading 2140 Unused Serialized files (Serialized files now loaded: 0)
System memory in use before: 95.8 MB.
System memory in use after: 95.8 MB.

Unloading 22 unused Assets to reduce memory usage. Loaded Objects now: 2593.
Total: 1.449700 ms (FindLiveObjects: 0.121700 ms CreateObjectMapping: 0.038300 ms MarkObjects: 1.214400 ms  DeleteObjects: 0.074300 ms)

AssetImportParameters requested are different than current active one (requested -> active):
  custom:graphics/normal-map-encoding: 01000000000000000000000000000000 -> 02000000000000000000000000000000
========================================================================
Received Prepare
Registering precompiled user dll's ...
Registered in 0.001881 seconds.
Begin MonoManager ReloadAssembly
Native extension for WindowsStandalone target not found
Refreshing native plugins compatible for Editor in 0.30 ms, found 3 plugins.
Preloading 0 native plugins for Editor in 0.00 ms.
Mono: successfully reloaded assembly
- Completed reload, in  0.586 seconds
Platform modules already initialized, skipping
Switching build target platform(19) subTarget(0) extendedPlatform(0) -> platform(13) subTarget(537395200) extendedPlatform(0)
Refreshing native plugins compatible for Editor in 0.31 ms, found 3 plugins.
Preloading 0 native plugins for Editor in 0.00 ms.
Unloading 2140 Unused Serialized files (Serialized files now loaded: 0)
System memory in use before: 95.8 MB.
System memory in use after: 95.8 MB.

Unloading 21 unused Assets to reduce memory usage. Loaded Objects now: 2597.
Total: 1.463700 ms (FindLiveObjects: 0.104600 ms CreateObjectMapping: 0.031800 ms MarkObjects: 1.251800 ms  DeleteObjects: 0.074600 ms)

AssetImportParameters requested are different than current active one (requested -> active):
  custom:graphics/normal-map-encoding: 01000000000000000000000000000000 -> 02000000000000000000000000000000
========================================================================
Received Prepare
Registering precompiled user dll's ...
Registered in 0.001895 seconds.
Begin MonoManager ReloadAssembly
Native extension for WindowsStandalone target not found
Refreshing native plugins compatible for Editor in 0.33 ms, found 3 plugins.
Preloading 0 native plugins for Editor in 0.00 ms.
Mono: successfully reloaded assembly
- Completed reload, in  0.566 seconds
Platform modules already initialized, skipping
Switching build target platform(19) subTarget(0) extendedPlatform(0) -> platform(13) subTarget(537395200) extendedPlatform(0)
Refreshing native plugins compatible for Editor in 0.44 ms, found 3 plugins.
Preloading 0 native plugins for Editor in 0.00 ms.
Unloading 2140 Unused Serialized files (Serialized files now loaded: 0)
System memory in use before: 95.9 MB.
System memory in use after: 95.8 MB.

Unloading 21 unused Assets to reduce memory usage. Loaded Objects now: 2601.
Total: 1.804900 ms (FindLiveObjects: 0.119600 ms CreateObjectMapping: 0.038000 ms MarkObjects: 1.537700 ms  DeleteObjects: 0.108600 ms)

AssetImportParameters requested are different than current active one (requested -> active):
  custom:graphics/normal-map-encoding: 01000000000000000000000000000000 -> 02000000000000000000000000000000
========================================================================
Received Import Request.
  Time since last request: 1621.824004 seconds.
  path: Assets/Scripts/TruckBehaviour.cs
  artifactKey: Guid(c8272c28d86e9904a8f5f319938939f8) Importer(815301076,1909f56bfc062723c751e8b465ee728b)
Start importing Assets/Scripts/TruckBehaviour.cs using Guid(c8272c28d86e9904a8f5f319938939f8) Importer(815301076,1909f56bfc062723c751e8b465ee728b)  -> (artifact id: 'b7c0b39a20e1716c09c185866844e4ab') in 0.011262 seconds
  Import took 0.013782 seconds .

========================================================================
Received Prepare
Registering precompiled user dll's ...
Registered in 0.001778 seconds.
Begin MonoManager ReloadAssembly
Native extension for WindowsStandalone target not found
Refreshing native plugins compatible for Editor in 0.35 ms, found 3 plugins.
Preloading 0 native plugins for Editor in 0.00 ms.
Mono: successfully reloaded assembly
- Completed reload, in  0.585 seconds
Platform modules already initialized, skipping
Switching build target platform(19) subTarget(0) extendedPlatform(0) -> platform(13) subTarget(537395200) extendedPlatform(0)
Refreshing native plugins compatible for Editor in 0.33 ms, found 3 plugins.
Preloading 0 native plugins for Editor in 0.00 ms.
Unloading 2141 Unused Serialized files (Serialized files now loaded: 0)
System memory in use before: 95.9 MB.
System memory in use after: 95.9 MB.

Unloading 21 unused Assets to reduce memory usage. Loaded Objects now: 2606.
Total: 1.462200 ms (FindLiveObjects: 0.104600 ms CreateObjectMapping: 0.030800 ms MarkObjects: 1.243900 ms  DeleteObjects: 0.082000 ms)

AssetImportParameters requested are different than current active one (requested -> active):
  custom:graphics/normal-map-encoding: 01000000000000000000000000000000 -> 02000000000000000000000000000000
========================================================================
Received Prepare
Registering precompiled user dll's ...
Registered in 0.001858 seconds.
Begin MonoManager ReloadAssembly
Native extension for WindowsStandalone target not found
Refreshing native plugins compatible for Editor in 0.31 ms, found 3 plugins.
Preloading 0 native plugins for Editor in 0.00 ms.
Mono: successfully reloaded assembly
- Completed reload, in  0.588 seconds
Platform modules already initialized, skipping
Switching build target platform(19) subTarget(0) extendedPlatform(0) -> platform(13) subTarget(537395200) extendedPlatform(0)
Refreshing native plugins compatible for Editor in 0.30 ms, found 3 plugins.
Preloading 0 native plugins for Editor in 0.00 ms.
Unloading 2141 Unused Serialized files (Serialized files now loaded: 0)
System memory in use before: 95.9 MB.
System memory in use after: 95.9 MB.

Unloading 21 unused Assets to reduce memory usage. Loaded Objects now: 2610.
Total: 1.550600 ms (FindLiveObjects: 0.100400 ms CreateObjectMapping: 0.030600 ms MarkObjects: 1.340700 ms  DeleteObjects: 0.078000 ms)

AssetImportParameters requested are different than current active one (requested -> active):
  custom:graphics/normal-map-encoding: 01000000000000000000000000000000 -> 02000000000000000000000000000000
========================================================================
Received Prepare
Registering precompiled user dll's ...
Registered in 0.001843 seconds.
Begin MonoManager ReloadAssembly
Native extension for WindowsStandalone target not found
Refreshing native plugins compatible for Editor in 0.52 ms, found 3 plugins.
Preloading 0 native plugins for Editor in 0.00 ms.
Mono: successfully reloaded assembly
- Completed reload, in  0.596 seconds
Platform modules already initialized, skipping
Switching build target platform(19) subTarget(0) extendedPlatform(0) -> platform(13) subTarget(537395200) extendedPlatform(0)
Refreshing native plugins compatible for Editor in 0.29 ms, found 3 plugins.
Preloading 0 native plugins for Editor in 0.00 ms.
Unloading 2141 Unused Serialized files (Serialized files now loaded: 0)
System memory in use before: 95.9 MB.
System memory in use after: 95.9 MB.

Unloading 21 unused Assets to reduce memory usage. Loaded Objects now: 2614.
Total: 1.381100 ms (FindLiveObjects: 0.102400 ms CreateObjectMapping: 0.029500 ms MarkObjects: 1.178100 ms  DeleteObjects: 0.070500 ms)

AssetImportParameters requested are different than current active one (requested -> active):
  custom:graphics/normal-map-encoding: 01000000000000000000000000000000 -> 02000000000000000000000000000000
========================================================================
Received Prepare
Registering precompiled user dll's ...
Registered in 0.002264 seconds.
Begin MonoManager ReloadAssembly
Native extension for WindowsStandalone target not found
Refreshing native plugins compatible for Editor in 0.31 ms, found 3 plugins.
Preloading 0 native plugins for Editor in 0.00 ms.
Mono: successfully reloaded assembly
- Completed reload, in  0.592 seconds
Platform modules already initialized, skipping
Switching build target platform(19) subTarget(0) extendedPlatform(0) -> platform(13) subTarget(537395200) extendedPlatform(0)
Refreshing native plugins compatible for Editor in 0.31 ms, found 3 plugins.
Preloading 0 native plugins for Editor in 0.00 ms.
Unloading 2141 Unused Serialized files (Serialized files now loaded: 0)
System memory in use before: 95.9 MB.
System memory in use after: 95.9 MB.

Unloading 21 unused Assets to reduce memory usage. Loaded Objects now: 2618.
Total: 1.467100 ms (FindLiveObjects: 0.106800 ms CreateObjectMapping: 0.028600 ms MarkObjects: 1.256600 ms  DeleteObjects: 0.074100 ms)

AssetImportParameters requested are different than current active one (requested -> active):
  custom:graphics/normal-map-encoding: 01000000000000000000000000000000 -> 02000000000000000000000000000000
========================================================================
Received Prepare
Registering precompiled user dll's ...
Registered in 0.002187 seconds.
Begin MonoManager ReloadAssembly
Native extension for WindowsStandalone target not found
Refreshing native plugins compatible for Editor in 0.31 ms, found 3 plugins.
Preloading 0 native plugins for Editor in 0.00 ms.
Mono: successfully reloaded assembly
- Completed reload, in  0.603 seconds
Platform modules already initialized, skipping
Switching build target platform(19) subTarget(0) extendedPlatform(0) -> platform(13) subTarget(537395200) extendedPlatform(0)
Refreshing native plugins compatible for Editor in 0.32 ms, found 3 plugins.
Preloading 0 native plugins for Editor in 0.00 ms.
Unloading 2141 Unused Serialized files (Serialized files now loaded: 0)
System memory in use before: 95.9 MB.
System memory in use after: 95.9 MB.

Unloading 21 unused Assets to reduce memory usage. Loaded Objects now: 2622.
Total: 1.621500 ms (FindLiveObjects: 0.127000 ms CreateObjectMapping: 0.036200 ms MarkObjects: 1.376800 ms  DeleteObjects: 0.080400 ms)

AssetImportParameters requested are different than current active one (requested -> active):
  custom:graphics/normal-map-encoding: 01000000000000000000000000000000 -> 02000000000000000000000000000000
========================================================================
Received Prepare
Registering precompiled user dll's ...
Registered in 0.001856 seconds.
Begin MonoManager ReloadAssembly
Native extension for WindowsStandalone target not found
Refreshing native plugins compatible for Editor in 0.32 ms, found 3 plugins.
Preloading 0 native plugins for Editor in 0.00 ms.
Mono: successfully reloaded assembly
- Completed reload, in  0.561 seconds
Platform modules already initialized, skipping
Switching build target platform(19) subTarget(0) extendedPlatform(0) -> platform(13) subTarget(537395200) extendedPlatform(0)
Refreshing native plugins compatible for Editor in 0.31 ms, found 3 plugins.
Preloading 0 native plugins for Editor in 0.00 ms.
Unloading 2141 Unused Serialized files (Serialized files now loaded: 0)
System memory in use before: 96.0 MB.
System memory in use after: 95.9 MB.

Unloading 21 unused Assets to reduce memory usage. Loaded Objects now: 2626.
Total: 1.638300 ms (FindLiveObjects: 0.109900 ms CreateObjectMapping: 0.027600 ms MarkObjects: 1.424700 ms  DeleteObjects: 0.075500 ms)

AssetImportParameters requested are different than current active one (requested -> active):
  custom:graphics/normal-map-encoding: 01000000000000000000000000000000 -> 02000000000000000000000000000000
========================================================================
Received Prepare
Registering precompiled user dll's ...
Registered in 0.002011 seconds.
Begin MonoManager ReloadAssembly
Native extension for WindowsStandalone target not found
Refreshing native plugins compatible for Editor in 0.33 ms, found 3 plugins.
Preloading 0 native plugins for Editor in 0.00 ms.
Mono: successfully reloaded assembly
- Completed reload, in  0.684 seconds
Platform modules already initialized, skipping
Switching build target platform(19) subTarget(0) extendedPlatform(0) -> platform(13) subTarget(537395200) extendedPlatform(0)
Refreshing native plugins compatible for Editor in 0.33 ms, found 3 plugins.
Preloading 0 native plugins for Editor in 0.00 ms.
Unloading 2141 Unused Serialized files (Serialized files now loaded: 0)
System memory in use before: 96.0 MB.
System memory in use after: 95.9 MB.

Unloading 21 unused Assets to reduce memory usage. Loaded Objects now: 2630.
Total: 2.315100 ms (FindLiveObjects: 0.228900 ms CreateObjectMapping: 0.107800 ms MarkObjects: 1.894100 ms  DeleteObjects: 0.083200 ms)

AssetImportParameters requested are different than current active one (requested -> active):
  custom:graphics/normal-map-encoding: 01000000000000000000000000000000 -> 02000000000000000000000000000000
========================================================================
Received Prepare
Registering precompiled user dll's ...
Registered in 0.003914 seconds.
Begin MonoManager ReloadAssembly
Native extension for WindowsStandalone target not found
Refreshing native plugins compatible for Editor in 0.29 ms, found 3 plugins.
Preloading 0 native plugins for Editor in 0.00 ms.
Mono: successfully reloaded assembly
- Completed reload, in  0.611 seconds
Platform modules already initialized, skipping
Switching build target platform(19) subTarget(0) extendedPlatform(0) -> platform(13) subTarget(537395200) extendedPlatform(0)
Refreshing native plugins compatible for Editor in 0.29 ms, found 3 plugins.
Preloading 0 native plugins for Editor in 0.00 ms.
Unloading 2141 Unused Serialized files (Serialized files now loaded: 0)
System memory in use before: 96.0 MB.
System memory in use after: 96.0 MB.

Unloading 21 unused Assets to reduce memory usage. Loaded Objects now: 2634.
Total: 1.474000 ms (FindLiveObjects: 0.101300 ms CreateObjectMapping: 0.028600 ms MarkObjects: 1.274000 ms  DeleteObjects: 0.069400 ms)

AssetImportParameters requested are different than current active one (requested -> active):
  custom:graphics/normal-map-encoding: 01000000000000000000000000000000 -> 02000000000000000000000000000000
========================================================================
Received Prepare
Registering precompiled user dll's ...
Registered in 0.002001 seconds.
Begin MonoManager ReloadAssembly
Native extension for WindowsStandalone target not found
Refreshing native plugins compatible for Editor in 0.45 ms, found 3 plugins.
Preloading 0 native plugins for Editor in 0.00 ms.
Mono: successfully reloaded assembly
- Completed reload, in  0.624 seconds
Platform modules already initialized, skipping
Switching build target platform(19) subTarget(0) extendedPlatform(0) -> platform(13) subTarget(537395200) extendedPlatform(0)
Refreshing native plugins compatible for Editor in 0.32 ms, found 3 plugins.
Preloading 0 native plugins for Editor in 0.00 ms.
Unloading 2141 Unused Serialized files (Serialized files now loaded: 0)
System memory in use before: 96.0 MB.
System memory in use after: 96.0 MB.

Unloading 21 unused Assets to reduce memory usage. Loaded Objects now: 2638.
Total: 1.533700 ms (FindLiveObjects: 0.112400 ms CreateObjectMapping: 0.032800 ms MarkObjects: 1.301200 ms  DeleteObjects: 0.086400 ms)

AssetImportParameters requested are different than current active one (requested -> active):
  custom:graphics/normal-map-encoding: 01000000000000000000000000000000 -> 02000000000000000000000000000000
========================================================================
Received Prepare
Registering precompiled user dll's ...
Registered in 0.001836 seconds.
Begin MonoManager ReloadAssembly
Native extension for WindowsStandalone target not found
Refreshing native plugins compatible for Editor in 0.29 ms, found 3 plugins.
Preloading 0 native plugins for Editor in 0.00 ms.
Mono: successfully reloaded assembly
- Completed reload, in  0.552 seconds
Platform modules already initialized, skipping
Switching build target platform(19) subTarget(0) extendedPlatform(0) -> platform(13) subTarget(537395200) extendedPlatform(0)
Refreshing native plugins compatible for Editor in 0.31 ms, found 3 plugins.
Preloading 0 native plugins for Editor in 0.00 ms.
Unloading 2141 Unused Serialized files (Serialized files now loaded: 0)
System memory in use before: 96.0 MB.
System memory in use after: 96.0 MB.

Unloading 21 unused Assets to reduce memory usage. Loaded Objects now: 2642.
Total: 1.409700 ms (FindLiveObjects: 0.098600 ms CreateObjectMapping: 0.027100 ms MarkObjects: 1.209900 ms  DeleteObjects: 0.073400 ms)

AssetImportParameters requested are different than current active one (requested -> active):
  custom:graphics/normal-map-encoding: 01000000000000000000000000000000 -> 02000000000000000000000000000000
========================================================================
Received Prepare
Registering precompiled user dll's ...
Registered in 0.001815 seconds.
Begin MonoManager ReloadAssembly
Native extension for WindowsStandalone target not found
Refreshing native plugins compatible for Editor in 0.36 ms, found 3 plugins.
Preloading 0 native plugins for Editor in 0.00 ms.
Mono: successfully reloaded assembly
- Completed reload, in  0.650 seconds
Platform modules already initialized, skipping
Switching build target platform(19) subTarget(0) extendedPlatform(0) -> platform(13) subTarget(537395200) extendedPlatform(0)
Refreshing native plugins compatible for Editor in 0.33 ms, found 3 plugins.
Preloading 0 native plugins for Editor in 0.00 ms.
Unloading 2141 Unused Serialized files (Serialized files now loaded: 0)
System memory in use before: 96.0 MB.
System memory in use after: 96.0 MB.

Unloading 21 unused Assets to reduce memory usage. Loaded Objects now: 2646.
Total: 1.710700 ms (FindLiveObjects: 0.127700 ms CreateObjectMapping: 0.035100 ms MarkObjects: 1.451300 ms  DeleteObjects: 0.095700 ms)

AssetImportParameters requested are different than current active one (requested -> active):
  custom:graphics/normal-map-encoding: 01000000000000000000000000000000 -> 02000000000000000000000000000000
========================================================================
Received Prepare
Registering precompiled user dll's ...
Registered in 0.001901 seconds.
Begin MonoManager ReloadAssembly
Native extension for WindowsStandalone target not found
Refreshing native plugins compatible for Editor in 0.32 ms, found 3 plugins.
Preloading 0 native plugins for Editor in 0.00 ms.
Mono: successfully reloaded assembly
- Completed reload, in  0.611 seconds
Platform modules already initialized, skipping
Switching build target platform(19) subTarget(0) extendedPlatform(0) -> platform(13) subTarget(537395200) extendedPlatform(0)
Refreshing native plugins compatible for Editor in 0.31 ms, found 3 plugins.
Preloading 0 native plugins for Editor in 0.00 ms.
Unloading 2141 Unused Serialized files (Serialized files now loaded: 0)
System memory in use before: 96.0 MB.
System memory in use after: 96.0 MB.

Unloading 21 unused Assets to reduce memory usage. Loaded Objects now: 2650.
Total: 1.984900 ms (FindLiveObjects: 0.114000 ms CreateObjectMapping: 0.034700 ms MarkObjects: 1.719600 ms  DeleteObjects: 0.115500 ms)

AssetImportParameters requested are different than current active one (requested -> active):
  custom:graphics/normal-map-encoding: 01000000000000000000000000000000 -> 02000000000000000000000000000000
========================================================================
Received Prepare
Registering precompiled user dll's ...
Registered in 0.001829 seconds.
Begin MonoManager ReloadAssembly
Native extension for WindowsStandalone target not found
Refreshing native plugins compatible for Editor in 0.34 ms, found 3 plugins.
Preloading 0 native plugins for Editor in 0.00 ms.
Mono: successfully reloaded assembly
- Completed reload, in  0.624 seconds
Platform modules already initialized, skipping
Switching build target platform(19) subTarget(0) extendedPlatform(0) -> platform(13) subTarget(537395200) extendedPlatform(0)
Refreshing native plugins compatible for Editor in 0.34 ms, found 3 plugins.
Preloading 0 native plugins for Editor in 0.00 ms.
Unloading 2141 Unused Serialized files (Serialized files now loaded: 0)
System memory in use before: 96.0 MB.
System memory in use after: 96.0 MB.

Unloading 21 unused Assets to reduce memory usage. Loaded Objects now: 2654.
Total: 1.647200 ms (FindLiveObjects: 0.123500 ms CreateObjectMapping: 0.031300 ms MarkObjects: 1.378900 ms  DeleteObjects: 0.112700 ms)

AssetImportParameters requested are different than current active one (requested -> active):
  custom:graphics/normal-map-encoding: 01000000000000000000000000000000 -> 02000000000000000000000000000000
========================================================================
Received Prepare
Registering precompiled user dll's ...
Registered in 0.001638 seconds.
Begin MonoManager ReloadAssembly
Native extension for WindowsStandalone target not found
Refreshing native plugins compatible for Editor in 0.29 ms, found 3 plugins.
Preloading 0 native plugins for Editor in 0.00 ms.
Mono: successfully reloaded assembly
- Completed reload, in  0.590 seconds
Platform modules already initialized, skipping
Switching build target platform(19) subTarget(0) extendedPlatform(0) -> platform(13) subTarget(537395200) extendedPlatform(0)
Refreshing native plugins compatible for Editor in 0.29 ms, found 3 plugins.
Preloading 0 native plugins for Editor in 0.00 ms.
Unloading 2141 Unused Serialized files (Serialized files now loaded: 0)
System memory in use before: 96.1 MB.
System memory in use after: 96.0 MB.

Unloading 21 unused Assets to reduce memory usage. Loaded Objects now: 2658.
Total: 1.604900 ms (FindLiveObjects: 0.103900 ms CreateObjectMapping: 0.030600 ms MarkObjects: 1.393800 ms  DeleteObjects: 0.075700 ms)

AssetImportParameters requested are different than current active one (requested -> active):
  custom:graphics/normal-map-encoding: 01000000000000000000000000000000 -> 02000000000000000000000000000000
========================================================================
Received Prepare
Registering precompiled user dll's ...
Registered in 0.001779 seconds.
Begin MonoManager ReloadAssembly
Native extension for WindowsStandalone target not found
Refreshing native plugins compatible for Editor in 0.29 ms, found 3 plugins.
Preloading 0 native plugins for Editor in 0.00 ms.
Mono: successfully reloaded assembly
- Completed reload, in  0.575 seconds
Platform modules already initialized, skipping
Switching build target platform(19) subTarget(0) extendedPlatform(0) -> platform(13) subTarget(537395200) extendedPlatform(0)
Refreshing native plugins compatible for Editor in 0.32 ms, found 3 plugins.
Preloading 0 native plugins for Editor in 0.00 ms.
Unloading 2141 Unused Serialized files (Serialized files now loaded: 0)
System memory in use before: 96.1 MB.
System memory in use after: 96.0 MB.

Unloading 21 unused Assets to reduce memory usage. Loaded Objects now: 2662.
Total: 1.437500 ms (FindLiveObjects: 0.111200 ms CreateObjectMapping: 0.035300 ms MarkObjects: 1.217100 ms  DeleteObjects: 0.073300 ms)

AssetImportParameters requested are different than current active one (requested -> active):
  custom:graphics/normal-map-encoding: 01000000000000000000000000000000 -> 02000000000000000000000000000000
========================================================================
Received Prepare
Registering precompiled user dll's ...
Registered in 0.002124 seconds.
Begin MonoManager ReloadAssembly
Native extension for WindowsStandalone target not found
Refreshing native plugins compatible for Editor in 0.33 ms, found 3 plugins.
Preloading 0 native plugins for Editor in 0.00 ms.
Mono: successfully reloaded assembly
- Completed reload, in  0.615 seconds
Platform modules already initialized, skipping
Switching build target platform(19) subTarget(0) extendedPlatform(0) -> platform(13) subTarget(537395200) extendedPlatform(0)
Refreshing native plugins compatible for Editor in 0.30 ms, found 3 plugins.
Preloading 0 native plugins for Editor in 0.00 ms.
Unloading 2141 Unused Serialized files (Serialized files now loaded: 0)
System memory in use before: 96.1 MB.
System memory in use after: 96.1 MB.

Unloading 21 unused Assets to reduce memory usage. Loaded Objects now: 2666.
Total: 1.720800 ms (FindLiveObjects: 0.105900 ms CreateObjectMapping: 0.150300 ms MarkObjects: 1.361200 ms  DeleteObjects: 0.102600 ms)

AssetImportParameters requested are different than current active one (requested -> active):
  custom:graphics/normal-map-encoding: 01000000000000000000000000000000 -> 02000000000000000000000000000000
========================================================================
Received Prepare
Registering precompiled user dll's ...
Registered in 0.002807 seconds.
Begin MonoManager ReloadAssembly
Native extension for WindowsStandalone target not found
Refreshing native plugins compatible for Editor in 0.32 ms, found 3 plugins.
Preloading 0 native plugins for Editor in 0.00 ms.
Mono: successfully reloaded assembly
- Completed reload, in  0.626 seconds
Platform modules already initialized, skipping
Switching build target platform(19) subTarget(0) extendedPlatform(0) -> platform(13) subTarget(537395200) extendedPlatform(0)
Refreshing native plugins compatible for Editor in 0.31 ms, found 3 plugins.
Preloading 0 native plugins for Editor in 0.00 ms.
Unloading 2141 Unused Serialized files (Serialized files now loaded: 0)
System memory in use before: 96.1 MB.
System memory in use after: 96.1 MB.

Unloading 21 unused Assets to reduce memory usage. Loaded Objects now: 2670.
Total: 1.522600 ms (FindLiveObjects: 0.115700 ms CreateObjectMapping: 0.031300 ms MarkObjects: 1.298300 ms  DeleteObjects: 0.076700 ms)

AssetImportParameters requested are different than current active one (requested -> active):
  custom:graphics/normal-map-encoding: 01000000000000000000000000000000 -> 02000000000000000000000000000000
========================================================================
Received Prepare
Registering precompiled user dll's ...
Registered in 0.002168 seconds.
Begin MonoManager ReloadAssembly
Native extension for WindowsStandalone target not found
Refreshing native plugins compatible for Editor in 0.44 ms, found 3 plugins.
Preloading 0 native plugins for Editor in 0.00 ms.
Mono: successfully reloaded assembly
- Completed reload, in  0.815 seconds
Platform modules already initialized, skipping
Switching build target platform(19) subTarget(0) extendedPlatform(0) -> platform(13) subTarget(537395200) extendedPlatform(0)
Refreshing native plugins compatible for Editor in 0.31 ms, found 3 plugins.
Preloading 0 native plugins for Editor in 0.00 ms.
Unloading 2141 Unused Serialized files (Serialized files now loaded: 0)
System memory in use before: 96.1 MB.
System memory in use after: 96.1 MB.

Unloading 21 unused Assets to reduce memory usage. Loaded Objects now: 2674.
Total: 1.909900 ms (FindLiveObjects: 0.158900 ms CreateObjectMapping: 0.039200 ms MarkObjects: 1.536600 ms  DeleteObjects: 0.174000 ms)

AssetImportParameters requested are different than current active one (requested -> active):
  custom:graphics/normal-map-encoding: 01000000000000000000000000000000 -> 02000000000000000000000000000000
========================================================================
Received Import Request.
  Time since last request: 4437.565318 seconds.
  path: Assets/Scripts/TutorialBehaviour.cs
  artifactKey: Guid(87c4fe4b7c4670140821f0e052155cae) Importer(815301076,1909f56bfc062723c751e8b465ee728b)
Start importing Assets/Scripts/TutorialBehaviour.cs using Guid(87c4fe4b7c4670140821f0e052155cae) Importer(815301076,1909f56bfc062723c751e8b465ee728b)  -> (artifact id: '0d642b02e205c14f72477a27dfdb579a') in 0.010714 seconds
  Import took 0.013244 seconds .

========================================================================
Received Prepare
Registering precompiled user dll's ...
Registered in 0.001811 seconds.
Begin MonoManager ReloadAssembly
Native extension for WindowsStandalone target not found
Refreshing native plugins compatible for Editor in 0.32 ms, found 3 plugins.
Preloading 0 native plugins for Editor in 0.00 ms.
Mono: successfully reloaded assembly
- Completed reload, in  0.660 seconds
Platform modules already initialized, skipping
Switching build target platform(19) subTarget(0) extendedPlatform(0) -> platform(13) subTarget(537395200) extendedPlatform(0)
Refreshing native plugins compatible for Editor in 0.31 ms, found 3 plugins.
Preloading 0 native plugins for Editor in 0.00 ms.
Unloading 2142 Unused Serialized files (Serialized files now loaded: 0)
System memory in use before: 96.1 MB.
System memory in use after: 96.1 MB.

Unloading 21 unused Assets to reduce memory usage. Loaded Objects now: 2679.
Total: 1.502900 ms (FindLiveObjects: 0.134900 ms CreateObjectMapping: 0.030200 ms MarkObjects: 1.258500 ms  DeleteObjects: 0.078400 ms)

AssetImportParameters requested are different than current active one (requested -> active):
  custom:graphics/normal-map-encoding: 01000000000000000000000000000000 -> 02000000000000000000000000000000
========================================================================
Received Prepare
Registering precompiled user dll's ...
Registered in 0.001850 seconds.
Begin MonoManager ReloadAssembly
Native extension for WindowsStandalone target not found
Refreshing native plugins compatible for Editor in 0.30 ms, found 3 plugins.
Preloading 0 native plugins for Editor in 0.00 ms.
Mono: successfully reloaded assembly
- Completed reload, in  0.602 seconds
Platform modules already initialized, skipping
Switching build target platform(19) subTarget(0) extendedPlatform(0) -> platform(13) subTarget(537395200) extendedPlatform(0)
Refreshing native plugins compatible for Editor in 0.31 ms, found 3 plugins.
Preloading 0 native plugins for Editor in 0.00 ms.
Unloading 2142 Unused Serialized files (Serialized files now loaded: 0)
System memory in use before: 96.1 MB.
System memory in use after: 96.1 MB.

Unloading 21 unused Assets to reduce memory usage. Loaded Objects now: 2683.
Total: 1.540700 ms (FindLiveObjects: 0.117300 ms CreateObjectMapping: 0.031600 ms MarkObjects: 1.307100 ms  DeleteObjects: 0.083800 ms)

AssetImportParameters requested are different than current active one (requested -> active):
  custom:graphics/normal-map-encoding: 01000000000000000000000000000000 -> 02000000000000000000000000000000
========================================================================
Received Prepare
Registering precompiled user dll's ...
Registered in 0.003432 seconds.
Begin MonoManager ReloadAssembly
Native extension for WindowsStandalone target not found
Refreshing native plugins compatible for Editor in 0.32 ms, found 3 plugins.
Preloading 0 native plugins for Editor in 0.00 ms.
Mono: successfully reloaded assembly
- Completed reload, in  0.602 seconds
Platform modules already initialized, skipping
Switching build target platform(19) subTarget(0) extendedPlatform(0) -> platform(13) subTarget(537395200) extendedPlatform(0)
Refreshing native plugins compatible for Editor in 0.31 ms, found 3 plugins.
Preloading 0 native plugins for Editor in 0.00 ms.
Unloading 2142 Unused Serialized files (Serialized files now loaded: 0)
System memory in use before: 96.1 MB.
System memory in use after: 96.1 MB.

Unloading 21 unused Assets to reduce memory usage. Loaded Objects now: 2687.
Total: 1.630400 ms (FindLiveObjects: 0.125100 ms CreateObjectMapping: 0.032100 ms MarkObjects: 1.388900 ms  DeleteObjects: 0.083100 ms)

AssetImportParameters requested are different than current active one (requested -> active):
  custom:graphics/normal-map-encoding: 01000000000000000000000000000000 -> 02000000000000000000000000000000
========================================================================
Received Prepare
Registering precompiled user dll's ...
Registered in 0.001765 seconds.
Begin MonoManager ReloadAssembly
Native extension for WindowsStandalone target not found
Refreshing native plugins compatible for Editor in 0.30 ms, found 3 plugins.
Preloading 0 native plugins for Editor in 0.00 ms.
Mono: successfully reloaded assembly
- Completed reload, in  0.634 seconds
Platform modules already initialized, skipping
Switching build target platform(19) subTarget(0) extendedPlatform(0) -> platform(13) subTarget(537395200) extendedPlatform(0)
Refreshing native plugins compatible for Editor in 0.31 ms, found 3 plugins.
Preloading 0 native plugins for Editor in 0.00 ms.
Unloading 2142 Unused Serialized files (Serialized files now loaded: 0)
System memory in use before: 96.1 MB.
System memory in use after: 96.1 MB.

Unloading 21 unused Assets to reduce memory usage. Loaded Objects now: 2691.
Total: 1.489500 ms (FindLiveObjects: 0.110200 ms CreateObjectMapping: 0.034700 ms MarkObjects: 1.261600 ms  DeleteObjects: 0.082500 ms)

AssetImportParameters requested are different than current active one (requested -> active):
  custom:graphics/normal-map-encoding: 01000000000000000000000000000000 -> 02000000000000000000000000000000
========================================================================
Received Prepare
Registering precompiled user dll's ...
Registered in 0.001833 seconds.
Begin MonoManager ReloadAssembly
Native extension for WindowsStandalone target not found
Refreshing native plugins compatible for Editor in 0.30 ms, found 3 plugins.
Preloading 0 native plugins for Editor in 0.00 ms.
Mono: successfully reloaded assembly
- Completed reload, in  0.579 seconds
Platform modules already initialized, skipping
Switching build target platform(19) subTarget(0) extendedPlatform(0) -> platform(13) subTarget(537395200) extendedPlatform(0)
Refreshing native plugins compatible for Editor in 0.32 ms, found 3 plugins.
Preloading 0 native plugins for Editor in 0.00 ms.
Unloading 2149 Unused Serialized files (Serialized files now loaded: 0)
System memory in use before: 96.5 MB.
System memory in use after: 96.5 MB.

Unloading 22 unused Assets to reduce memory usage. Loaded Objects now: 2701.
Total: 1.601500 ms (FindLiveObjects: 0.132100 ms CreateObjectMapping: 0.031700 ms MarkObjects: 1.352900 ms  DeleteObjects: 0.083900 ms)

AssetImportParameters requested are different than current active one (requested -> active):
  custom:graphics/normal-map-encoding: 01000000000000000000000000000000 -> 02000000000000000000000000000000
========================================================================
Received Import Request.
  Time since last request: 658.734256 seconds.
  path: Assets/Fingers/Demo/Resources/BlueMaterial.mat
  artifactKey: Guid(aaa44c3d32a8944439e2348beab27089) Importer(815301076,1909f56bfc062723c751e8b465ee728b)
Start importing Assets/Fingers/Demo/Resources/BlueMaterial.mat using Guid(aaa44c3d32a8944439e2348beab27089) Importer(815301076,1909f56bfc062723c751e8b465ee728b)  -> (artifact id: '1fde74a93c6fd79566b0c9e25e0ecbd1') in 0.184682 seconds
  Import took 0.187066 seconds .

========================================================================
Received Import Request.
  Time since last request: 0.000185 seconds.
  path: Assets/Fingers/Demo/Resources/FingersCard_AceOfSpades.png
  artifactKey: Guid(359ff0996f56761479f05655148292e2) Importer(815301076,1909f56bfc062723c751e8b465ee728b)
Start importing Assets/Fingers/Demo/Resources/FingersCard_AceOfSpades.png using Guid(359ff0996f56761479f05655148292e2) Importer(815301076,1909f56bfc062723c751e8b465ee728b)  -> (artifact id: '98a31c0f22eee3c0b34afcee3cafcbc3') in 0.048060 seconds
  Import took 0.050509 seconds .

========================================================================
Received Import Request.
  Time since last request: 0.000235 seconds.
  path: Assets/Fingers/Demo/Resources/FingersSuccess.wav
  artifactKey: Guid(d7da806af060ff34b82f5e5b6b4b2a81) Importer(815301076,1909f56bfc062723c751e8b465ee728b)
Start importing Assets/Fingers/Demo/Resources/FingersSuccess.wav using Guid(d7da806af060ff34b82f5e5b6b4b2a81) Importer(815301076,1909f56bfc062723c751e8b465ee728b)  -> (artifact id: '04d88468bf8b425e4adfb69f78f4c80c') in 0.051930 seconds
  Import took 0.054309 seconds .

========================================================================
Received Import Request.
  Time since last request: 0.000126 seconds.
  path: Assets/Fingers/Demo/Resources/FingersPlayerPhysicsMaterial.physicMaterial
  artifactKey: Guid(0414c9b9b34a9fa428137f478f65c20a) Importer(815301076,1909f56bfc062723c751e8b465ee728b)
Start importing Assets/Fingers/Demo/Resources/FingersPlayerPhysicsMaterial.physicMaterial using Guid(0414c9b9b34a9fa428137f478f65c20a) Importer(815301076,1909f56bfc062723c751e8b465ee728b)  -> (artifact id: '9d6e3344b87188d56cc02ce6ea929c20') in 0.007387 seconds
  Import took 0.009769 seconds .

========================================================================
Received Import Request.
  Time since last request: 0.000128 seconds.
  path: Assets/Fingers/Demo/Resources/FingersPlatform.png
  artifactKey: Guid(7617d51fbcd02224284fa1f26571464b) Importer(815301076,1909f56bfc062723c751e8b465ee728b)
Start importing Assets/Fingers/Demo/Resources/FingersPlatform.png using Guid(7617d51fbcd02224284fa1f26571464b) Importer(815301076,1909f56bfc062723c751e8b465ee728b)  -> (artifact id: '70f73e0aa14503f2b84c1c0d5dfbaa6f') in 0.008983 seconds
  Import took 0.011334 seconds .

========================================================================
Received Import Request.
  Time since last request: 0.000124 seconds.
  path: Assets/Fingers/Demo/Resources/FingersCard_KingOfDiamonds.png
  artifactKey: Guid(664391a90537bbc4dbc87643fc487df3) Importer(815301076,1909f56bfc062723c751e8b465ee728b)
Start importing Assets/Fingers/Demo/Resources/FingersCard_KingOfDiamonds.png using Guid(664391a90537bbc4dbc87643fc487df3) Importer(815301076,1909f56bfc062723c751e8b465ee728b)  -> (artifact id: 'aca14726be2e0718ddbdd1b11e97f4bd') in 0.013667 seconds
  Import took 0.016356 seconds .

========================================================================
Received Import Request.
  Time since last request: 0.000130 seconds.
  path: Assets/Fingers/Demo/Resources/FingersEarthTexture.png
  artifactKey: Guid(13cc72bb3af5c4082913ab543d7f7837) Importer(815301076,1909f56bfc062723c751e8b465ee728b)
Start importing Assets/Fingers/Demo/Resources/FingersEarthTexture.png using Guid(13cc72bb3af5c4082913ab543d7f7837) Importer(815301076,1909f56bfc062723c751e8b465ee728b)  -> (artifact id: '202d04457545ff000ad1228fa4c96855') in 0.068581 seconds
  Import took 0.070850 seconds .

========================================================================
Received Import Request.
  Time since last request: 0.000123 seconds.
  path: Assets/Fingers/Demo/Resources/FingersWorldMap.png
  artifactKey: Guid(5595570516be699469dcacb22e26ecc9) Importer(815301076,1909f56bfc062723c751e8b465ee728b)
Start importing Assets/Fingers/Demo/Resources/FingersWorldMap.png using Guid(5595570516be699469dcacb22e26ecc9) Importer(815301076,1909f56bfc062723c751e8b465ee728b)  -> (artifact id: '73a4c31f43a921e648d28944d59860cf') in 0.021185 seconds
  Import took 0.023518 seconds .

========================================================================
Received Import Request.
  Time since last request: 0.000121 seconds.
  path: Assets/Fingers/Demo/Resources/FingersScaleIcon.png
  artifactKey: Guid(f4c15f12cb6a2cd44bcb40ec41859d0e) Importer(815301076,1909f56bfc062723c751e8b465ee728b)
Start importing Assets/Fingers/Demo/Resources/FingersScaleIcon.png using Guid(f4c15f12cb6a2cd44bcb40ec41859d0e) Importer(815301076,1909f56bfc062723c751e8b465ee728b)  -> (artifact id: '1a26b17e4f5af066390fabd7b0ef4781') in 0.008712 seconds
  Import took 0.010958 seconds .

========================================================================
Received Import Request.
  Time since last request: 0.000116 seconds.
  path: Assets/Fingers/Demo/Resources/FingersCrateTexture.jpg
  artifactKey: Guid(8e58b308d308119448deb1dce4a9e2e5) Importer(815301076,1909f56bfc062723c751e8b465ee728b)
Start importing Assets/Fingers/Demo/Resources/FingersCrateTexture.jpg using Guid(8e58b308d308119448deb1dce4a9e2e5) Importer(815301076,1909f56bfc062723c751e8b465ee728b)  -> (artifact id: '0f593ecdf7c76f7a9b59e6f6d675f15c') in 0.016857 seconds
  Import took 0.019218 seconds .

========================================================================
Received Import Request.
  Time since last request: 0.000160 seconds.
  path: Assets/Fingers/Demo/Resources/FingersWorldMapMaterial.mat
  artifactKey: Guid(da0426141c09b134dbed7b76d4a0e84e) Importer(815301076,1909f56bfc062723c751e8b465ee728b)
Start importing Assets/Fingers/Demo/Resources/FingersWorldMapMaterial.mat using Guid(da0426141c09b134dbed7b76d4a0e84e) Importer(815301076,1909f56bfc062723c751e8b465ee728b)  -> (artifact id: 'cf5814f88874e9a1770e0c813c1a1cc7') in 0.107353 seconds
  Import took 0.109567 seconds .

========================================================================
Received Import Request.
  Time since last request: 0.000379 seconds.
  path: Assets/Fingers/Demo/Resources/FingersCard_QueenOfHearts.png
  artifactKey: Guid(45b6c6eaa910cee438d33d9e65546f68) Importer(815301076,1909f56bfc062723c751e8b465ee728b)
Start importing Assets/Fingers/Demo/Resources/FingersCard_QueenOfHearts.png using Guid(45b6c6eaa910cee438d33d9e65546f68) Importer(815301076,1909f56bfc062723c751e8b465ee728b)  -> (artifact id: '734c2792c527e28463aeff6790a1c908') in 0.009005 seconds
  Import took 0.011347 seconds .

========================================================================
Received Import Request.
  Time since last request: 0.000117 seconds.
  path: Assets/Fingers/Demo/Resources/FingersGroundPhysicsMaterial.physicMaterial
  artifactKey: Guid(f4a22b027e7d48642a6acd27ee4c55a4) Importer(815301076,1909f56bfc062723c751e8b465ee728b)
Start importing Assets/Fingers/Demo/Resources/FingersGroundPhysicsMaterial.physicMaterial using Guid(f4a22b027e7d48642a6acd27ee4c55a4) Importer(815301076,1909f56bfc062723c751e8b465ee728b)  -> (artifact id: '5b46be5e3c4bbb265e6dc7824745f10d') in 0.004814 seconds
  Import took 0.007232 seconds .

========================================================================
Received Import Request.
  Time since last request: 0.000126 seconds.
  path: Assets/Fingers/Demo/Resources/FingersBlackPixel.png
  artifactKey: Guid(17a84730b7d01984a9b2708d5604343c) Importer(815301076,1909f56bfc062723c751e8b465ee728b)
Start importing Assets/Fingers/Demo/Resources/FingersBlackPixel.png using Guid(17a84730b7d01984a9b2708d5604343c) Importer(815301076,1909f56bfc062723c751e8b465ee728b)  -> (artifact id: '1c266ec11c250c9cb85729b0a70dcaea') in 0.010518 seconds
  Import took 0.012898 seconds .

========================================================================
Received Import Request.
  Time since last request: 0.000122 seconds.
  path: Assets/Fingers/Demo/Resources/FingersEarthMaterial.mat
  artifactKey: Guid(ce993460abaf7d34cbde7edb913ab023) Importer(815301076,1909f56bfc062723c751e8b465ee728b)
Start importing Assets/Fingers/Demo/Resources/FingersEarthMaterial.mat using Guid(ce993460abaf7d34cbde7edb913ab023) Importer(815301076,1909f56bfc062723c751e8b465ee728b)  -> (artifact id: '7c807e06da165d6cc7f291445fe6d52a') in 0.083706 seconds
  Import took 0.086032 seconds .

========================================================================
Received Import Request.
  Time since last request: 0.000125 seconds.
  path: Assets/Fingers/Demo/Resources/FingersAsteroid.prefab
  artifactKey: Guid(d0fb7a4bac33846aaab3df2c09c886b0) Importer(815301076,1909f56bfc062723c751e8b465ee728b)
Start importing Assets/Fingers/Demo/Resources/FingersAsteroid.prefab using Guid(d0fb7a4bac33846aaab3df2c09c886b0) Importer(815301076,1909f56bfc062723c751e8b465ee728b)  -> (artifact id: '740573d8ce490b05b6008f3ce9e78cad') in 0.019587 seconds
  Import took 0.021851 seconds .

========================================================================
Received Import Request.
  Time since last request: 0.000121 seconds.
  path: Assets/Fingers/Demo/Resources/FingersStarFieldTexture.jpg
  artifactKey: Guid(7530270fde76646478e717f27cb432e5) Importer(815301076,1909f56bfc062723c751e8b465ee728b)
Start importing Assets/Fingers/Demo/Resources/FingersStarFieldTexture.jpg using Guid(7530270fde76646478e717f27cb432e5) Importer(815301076,1909f56bfc062723c751e8b465ee728b)  -> (artifact id: '2d9935708b35051eacd666857495ec12') in 0.030712 seconds
  Import took 0.033156 seconds .

========================================================================
Received Import Request.
  Time since last request: 0.000114 seconds.
  path: Assets/Fingers/Demo/Resources/MoveableCube.prefab
  artifactKey: Guid(7319186eb1a946e42aac6281beec2198) Importer(815301076,1909f56bfc062723c751e8b465ee728b)
Start importing Assets/Fingers/Demo/Resources/MoveableCube.prefab using Guid(7319186eb1a946e42aac6281beec2198) Importer(815301076,1909f56bfc062723c751e8b465ee728b)  -> (artifact id: 'a9785ed0c25da6244776b98285a299bd') in 0.009860 seconds
  Import took 0.012140 seconds .

========================================================================
Received Import Request.
  Time since last request: 0.000121 seconds.
  path: Assets/Fingers/Demo/Resources/RedMaterial.mat
  artifactKey: Guid(40a93b0b75478fa4faa5b7dbd4478124) Importer(815301076,1909f56bfc062723c751e8b465ee728b)
Start importing Assets/Fingers/Demo/Resources/RedMaterial.mat using Guid(40a93b0b75478fa4faa5b7dbd4478124) Importer(815301076,1909f56bfc062723c751e8b465ee728b)  -> (artifact id: '8cc18f8182dde98c6420efc2227ed243') in 0.008705 seconds
  Import took 0.011095 seconds .

========================================================================
Received Import Request.
  Time since last request: 0.000120 seconds.
  path: Assets/Fingers/Demo/Resources/FingersPlayerFeetPhysicsMaterial.physicMaterial
  artifactKey: Guid(f8462c8997e161e419421bab05b4e4f8) Importer(815301076,1909f56bfc062723c751e8b465ee728b)
Start importing Assets/Fingers/Demo/Resources/FingersPlayerFeetPhysicsMaterial.physicMaterial using Guid(f8462c8997e161e419421bab05b4e4f8) Importer(815301076,1909f56bfc062723c751e8b465ee728b)  -> (artifact id: 'e50b2857a7766cda175ccf91fdc78336') in 0.005053 seconds
  Import took 0.007875 seconds .

========================================================================
Received Import Request.
  Time since last request: 0.000125 seconds.
  path: Assets/Fingers/Demo/Resources/FingersGrassTexture.jpg
  artifactKey: Guid(18e139cd7000474469681321ab83e3aa) Importer(815301076,1909f56bfc062723c751e8b465ee728b)
Start importing Assets/Fingers/Demo/Resources/FingersGrassTexture.jpg using Guid(18e139cd7000474469681321ab83e3aa) Importer(815301076,1909f56bfc062723c751e8b465ee728b)  -> (artifact id: 'd794fbe70ec15367bbfcf10fc3ad3d53') in 0.025210 seconds
  Import took 0.027436 seconds .

========================================================================
Received Import Request.
  Time since last request: 0.000124 seconds.
  path: Assets/Fingers/Demo/Resources/LineDemoMaterial.mat
  artifactKey: Guid(ea9216c5fda840a4ab501763fb82ab18) Importer(815301076,1909f56bfc062723c751e8b465ee728b)
Start importing Assets/Fingers/Demo/Resources/LineDemoMaterial.mat using Guid(ea9216c5fda840a4ab501763fb82ab18) Importer(815301076,1909f56bfc062723c751e8b465ee728b)  -> (artifact id: 'afeb7835d51ce3885c5e19ba60c2b117') in 0.024187 seconds
  Import took 0.026451 seconds .

========================================================================
Received Import Request.
  Time since last request: 0.000123 seconds.
  path: Assets/Fingers/Demo/Resources/FingersGrassMaterial.mat
  artifactKey: Guid(9b20ab381a19ee4499821fee912b8e25) Importer(815301076,1909f56bfc062723c751e8b465ee728b)
Start importing Assets/Fingers/Demo/Resources/FingersGrassMaterial.mat using Guid(9b20ab381a19ee4499821fee912b8e25) Importer(815301076,1909f56bfc062723c751e8b465ee728b)  -> (artifact id: '9802872ad6cad1e1667a19c2baafafe5') in 0.108326 seconds
  Import took 0.110603 seconds .

========================================================================
Received Import Request.
  Time since last request: 0.000128 seconds.
  path: Assets/Fingers/Demo/Resources/FingersCratePhysicsMaterial.physicMaterial
  artifactKey: Guid(dd56bd4d9d73d2c44a6c2d25101b1e00) Importer(815301076,1909f56bfc062723c751e8b465ee728b)
Start importing Assets/Fingers/Demo/Resources/FingersCratePhysicsMaterial.physicMaterial using Guid(dd56bd4d9d73d2c44a6c2d25101b1e00) Importer(815301076,1909f56bfc062723c751e8b465ee728b)  -> (artifact id: '29f806edd47613058898da4bfce02057') in 0.005698 seconds
  Import took 0.007946 seconds .

========================================================================
Received Import Request.
  Time since last request: 0.000117 seconds.
  path: Assets/Fingers/Demo/Resources/FingersAsteroids.png
  artifactKey: Guid(379ab596110354c64b459976010f94e4) Importer(815301076,1909f56bfc062723c751e8b465ee728b)
Start importing Assets/Fingers/Demo/Resources/FingersAsteroids.png using Guid(379ab596110354c64b459976010f94e4) Importer(815301076,1909f56bfc062723c751e8b465ee728b)  -> (artifact id: 'db571ce58e10baa73ff67aefd5c7efab') in 0.111953 seconds
  Import took 0.114381 seconds .

========================================================================
Received Import Request.
  Time since last request: 0.000123 seconds.
  path: Assets/Fingers/Demo/Resources/FingersCrateMaterial.mat
  artifactKey: Guid(be2bdcbcdf512274c98d2fd3649ced64) Importer(815301076,1909f56bfc062723c751e8b465ee728b)
Start importing Assets/Fingers/Demo/Resources/FingersCrateMaterial.mat using Guid(be2bdcbcdf512274c98d2fd3649ced64) Importer(815301076,1909f56bfc062723c751e8b465ee728b)  -> (artifact id: 'c2e43388be2709f0cf3f55aaff0baf6a') in 0.011217 seconds
  Import took 0.013522 seconds .

========================================================================
Received Import Request.
  Time since last request: 0.000126 seconds.
  path: Assets/Fingers/Demo/Resources/GreenMaterial.mat
  artifactKey: Guid(e9d2ff466a7ddb74d93271ba2f1b89db) Importer(815301076,1909f56bfc062723c751e8b465ee728b)
Start importing Assets/Fingers/Demo/Resources/GreenMaterial.mat using Guid(e9d2ff466a7ddb74d93271ba2f1b89db) Importer(815301076,1909f56bfc062723c751e8b465ee728b)  -> (artifact id: 'feb454e83e1a39800c56348677d77fa3') in 0.011366 seconds
  Import took 0.013789 seconds .

========================================================================
Received Import Request.
  Time since last request: 0.000191 seconds.
  path: Assets/Fingers/Demo/Resources/FingersRotateIcon.png
  artifactKey: Guid(d861bd888600af541a282a5dccc7d2a8) Importer(815301076,1909f56bfc062723c751e8b465ee728b)
Start importing Assets/Fingers/Demo/Resources/FingersRotateIcon.png using Guid(d861bd888600af541a282a5dccc7d2a8) Importer(815301076,1909f56bfc062723c751e8b465ee728b)  -> (artifact id: '9257f9fb3470498f1c17cb5d3a03c286') in 0.007716 seconds
  Import took 0.010039 seconds .

========================================================================
Received Import Request.
  Time since last request: 0.000165 seconds.
  path: Assets/Fingers/Demo/Resources/LineDemoTexture.png
  artifactKey: Guid(ed30129992af63c4ab1595c6cbeb9595) Importer(815301076,1909f56bfc062723c751e8b465ee728b)
Start importing Assets/Fingers/Demo/Resources/LineDemoTexture.png using Guid(ed30129992af63c4ab1595c6cbeb9595) Importer(815301076,1909f56bfc062723c751e8b465ee728b)  -> (artifact id: 'f14841d2c35501e406f619b9eae8aeea') in 0.013215 seconds
  Import took 0.015496 seconds .

========================================================================
Received Import Request.
  Time since last request: 6.105298 seconds.
  path: Assets/Fingers/Demo/Scripts/DemoScriptMultiDrag.cs
  artifactKey: Guid(5ee07099ec92bc447b903639caa88096) Importer(815301076,1909f56bfc062723c751e8b465ee728b)
Start importing Assets/Fingers/Demo/Scripts/DemoScriptMultiDrag.cs using Guid(5ee07099ec92bc447b903639caa88096) Importer(815301076,1909f56bfc062723c751e8b465ee728b)  -> (artifact id: '477ce700ef1b3e25bf8e563d322bc5b7') in 0.009292 seconds
  Import took 0.011839 seconds .

========================================================================
Received Import Request.
  Time since last request: 44.433655 seconds.
  path: Assets/Fingers/Demo/ExampleProjects/FingersExampleOptionsMenu.unity
  artifactKey: Guid(a3db12e36f984224d9377251fc01e4e5) Importer(815301076,1909f56bfc062723c751e8b465ee728b)
Start importing Assets/Fingers/Demo/ExampleProjects/FingersExampleOptionsMenu.unity using Guid(a3db12e36f984224d9377251fc01e4e5) Importer(815301076,1909f56bfc062723c751e8b465ee728b)  -> (artifact id: '081b2d9d907d8b830670862b51e9c5c9') in 0.007322 seconds
  Import took 0.009678 seconds .

========================================================================
Received Import Request.
  Time since last request: 1.159777 seconds.
  path: Assets/Fingers/Demo/ExampleProjects/FingersExampleMainMenu.unity
  artifactKey: Guid(0902c18f32ed62242a0ea0f7b88243c1) Importer(815301076,1909f56bfc062723c751e8b465ee728b)
Start importing Assets/Fingers/Demo/ExampleProjects/FingersExampleMainMenu.unity using Guid(0902c18f32ed62242a0ea0f7b88243c1) Importer(815301076,1909f56bfc062723c751e8b465ee728b)  -> (artifact id: '747ab00032d64e9fa2d968b481045a41') in 0.005976 seconds
  Import took 0.008329 seconds .

========================================================================
Received Import Request.
  Time since last request: 2.383360 seconds.
  path: Assets/Fingers/Demo/ExampleBulkImport/Circle_001.png
  artifactKey: Guid(478192c5c2ce9084db24968c1cc82d6b) Importer(815301076,1909f56bfc062723c751e8b465ee728b)
Start importing Assets/Fingers/Demo/ExampleBulkImport/Circle_001.png using Guid(478192c5c2ce9084db24968c1cc82d6b) Importer(815301076,1909f56bfc062723c751e8b465ee728b)  -> (artifact id: 'efdb73f25fe31f293c1eb9446a892f48') in 0.008586 seconds
  Import took 0.011075 seconds .

========================================================================
Received Import Request.
  Time since last request: 0.000192 seconds.
  path: Assets/Fingers/Demo/ExampleBulkImport/Circle_002.png
  artifactKey: Guid(1722c6b4acd05cb4f86641d59c9b0abf) Importer(815301076,1909f56bfc062723c751e8b465ee728b)
Start importing Assets/Fingers/Demo/ExampleBulkImport/Circle_002.png using Guid(1722c6b4acd05cb4f86641d59c9b0abf) Importer(815301076,1909f56bfc062723c751e8b465ee728b)  -> (artifact id: '0e2e1f35c62ec7ed1f69536af97b4fc0') in 0.008392 seconds
  Import took 0.010933 seconds .

========================================================================
Received Import Request.
  Time since last request: 0.000264 seconds.
  path: Assets/Fingers/Demo/ExampleBulkImport/LetterX_003.png
  artifactKey: Guid(d6204f865a9f1b841aa470660fe0f6f8) Importer(815301076,1909f56bfc062723c751e8b465ee728b)
Start importing Assets/Fingers/Demo/ExampleBulkImport/LetterX_003.png using Guid(d6204f865a9f1b841aa470660fe0f6f8) Importer(815301076,1909f56bfc062723c751e8b465ee728b)  -> (artifact id: '8f0ad7309832a6e00d554d3664ddac78') in 0.009906 seconds
  Import took 0.012347 seconds .

========================================================================
Received Import Request.
  Time since last request: 0.000130 seconds.
  path: Assets/Fingers/Demo/ExampleBulkImport/LightningBolt_001.png
  artifactKey: Guid(9f4a4ca3da9b44a4d901944e7356e5c1) Importer(815301076,1909f56bfc062723c751e8b465ee728b)
Start importing Assets/Fingers/Demo/ExampleBulkImport/LightningBolt_001.png using Guid(9f4a4ca3da9b44a4d901944e7356e5c1) Importer(815301076,1909f56bfc062723c751e8b465ee728b)  -> (artifact id: '75abe9424a4911e8221483459578ccd4') in 0.012545 seconds
  Import took 0.015052 seconds .

========================================================================
Received Import Request.
  Time since last request: 0.000147 seconds.
  path: Assets/Fingers/Demo/ExampleBulkImport/LightningBolt_002.png
  artifactKey: Guid(1a8e21538a5d4014f8de9989b6683ca4) Importer(815301076,1909f56bfc062723c751e8b465ee728b)
Start importing Assets/Fingers/Demo/ExampleBulkImport/LightningBolt_002.png using Guid(1a8e21538a5d4014f8de9989b6683ca4) Importer(815301076,1909f56bfc062723c751e8b465ee728b)  -> (artifact id: '8e0adc096df33eea902fec853f418942') in 0.009114 seconds
  Import took 0.011536 seconds .

========================================================================
Received Import Request.
  Time since last request: 0.000124 seconds.
  path: Assets/Fingers/Demo/ExampleBulkImport/LightningBolt_003.png
  artifactKey: Guid(58870187369e72145a411349eaa59d96) Importer(815301076,1909f56bfc062723c751e8b465ee728b)
Start importing Assets/Fingers/Demo/ExampleBulkImport/LightningBolt_003.png using Guid(58870187369e72145a411349eaa59d96) Importer(815301076,1909f56bfc062723c751e8b465ee728b)  -> (artifact id: '2576a0cdb384dbb30cf4f67f7c27c000') in 0.012092 seconds
  Import took 0.014487 seconds .

========================================================================
Received Import Request.
  Time since last request: 0.000152 seconds.
  path: Assets/Fingers/Demo/ExampleBulkImport/LetterX_002.png
  artifactKey: Guid(b3eeac54a0524a44b86767ffb2a6a7e7) Importer(815301076,1909f56bfc062723c751e8b465ee728b)
Start importing Assets/Fingers/Demo/ExampleBulkImport/LetterX_002.png using Guid(b3eeac54a0524a44b86767ffb2a6a7e7) Importer(815301076,1909f56bfc062723c751e8b465ee728b)  -> (artifact id: '63e7271433df5fbdd03da870d44a7fcc') in 0.011657 seconds
  Import took 0.014112 seconds .

========================================================================
Received Import Request.
  Time since last request: 0.000174 seconds.
  path: Assets/Fingers/Demo/ExampleBulkImport/Circle_003.png
  artifactKey: Guid(dfe94f348866afe48bcbe06af31d82e7) Importer(815301076,1909f56bfc062723c751e8b465ee728b)
Start importing Assets/Fingers/Demo/ExampleBulkImport/Circle_003.png using Guid(dfe94f348866afe48bcbe06af31d82e7) Importer(815301076,1909f56bfc062723c751e8b465ee728b)  -> (artifact id: 'ef482258f52350c7376657851169e7a3') in 0.012377 seconds
  Import took 0.014754 seconds .

========================================================================
Received Import Request.
  Time since last request: 0.000126 seconds.
  path: Assets/Fingers/Demo/ExampleBulkImport/LetterX_001.png
  artifactKey: Guid(14bfc72a23df5964b8b20e9d73767050) Importer(815301076,1909f56bfc062723c751e8b465ee728b)
Start importing Assets/Fingers/Demo/ExampleBulkImport/LetterX_001.png using Guid(14bfc72a23df5964b8b20e9d73767050) Importer(815301076,1909f56bfc062723c751e8b465ee728b)  -> (artifact id: '1c43e0d76b6ca81e115d82bbaa073178') in 0.010172 seconds
  Import took 0.013366 seconds .

========================================================================
Received Import Request.
  Time since last request: 2.466395 seconds.
  path: Assets/Fingers/Demo/ExampleProjects/Resources/FingersExampleTransitionCanvas.prefab
  artifactKey: Guid(ef1ed9c0d43485745a231db40d0a9b21) Importer(815301076,1909f56bfc062723c751e8b465ee728b)
Start importing Assets/Fingers/Demo/ExampleProjects/Resources/FingersExampleTransitionCanvas.prefab using Guid(ef1ed9c0d43485745a231db40d0a9b21) Importer(815301076,1909f56bfc062723c751e8b465ee728b)  -> (artifact id: '5bf5397792c3da82f9a1a467cd67e5bd') in 0.016885 seconds
  Import took 0.019349 seconds .

========================================================================
Received Import Request.
  Time since last request: 0.000295 seconds.
  path: Assets/Fingers/Demo/ExampleProjects/Resources/FingersExampleTransitionMaterial.mat
  artifactKey: Guid(9ba8524a3feac4046b8ffccb1f7a2464) Importer(815301076,1909f56bfc062723c751e8b465ee728b)
Start importing Assets/Fingers/Demo/ExampleProjects/Resources/FingersExampleTransitionMaterial.mat using Guid(9ba8524a3feac4046b8ffccb1f7a2464) Importer(815301076,1909f56bfc062723c751e8b465ee728b)  -> (artifact id: '873cbb2c101b289123edcc546a9175b7') in 0.024946 seconds
  Import took 0.027372 seconds .

========================================================================
Received Import Request.
  Time since last request: 1.424549 seconds.
  path: Assets/Fingers/Demo/ExampleProjects/WordGame/FingersExampleLetterPrefab.prefab
  artifactKey: Guid(f5d8aaf5b61f25e42827ca6204fb2344) Importer(815301076,1909f56bfc062723c751e8b465ee728b)
Start importing Assets/Fingers/Demo/ExampleProjects/WordGame/FingersExampleLetterPrefab.prefab using Guid(f5d8aaf5b61f25e42827ca6204fb2344) Importer(815301076,1909f56bfc062723c751e8b465ee728b)  -> (artifact id: '5fda8b700ea80b7b2c2080eebea2962a') in 0.006967 seconds
  Import took 0.009396 seconds .

========================================================================
Received Import Request.
  Time since last request: 2.906831 seconds.
  path: Assets/Fingers/Demo/ExampleProjects/WordGame/FingersWordGameDragLettersScene.unity
  artifactKey: Guid(476b33cdde4d22446b72d8082ca0c626) Importer(815301076,1909f56bfc062723c751e8b465ee728b)
Start importing Assets/Fingers/Demo/ExampleProjects/WordGame/FingersWordGameDragLettersScene.unity using Guid(476b33cdde4d22446b72d8082ca0c626) Importer(815301076,1909f56bfc062723c751e8b465ee728b)  -> (artifact id: '3c32222a1824bdfe11ff2039b84384da') in 0.005726 seconds
  Import took 0.008303 seconds .

========================================================================
Received Prepare
Registering precompiled user dll's ...
Registered in 0.002872 seconds.
Begin MonoManager ReloadAssembly
Native extension for WindowsStandalone target not found
Refreshing native plugins compatible for Editor in 0.32 ms, found 3 plugins.
Preloading 0 native plugins for Editor in 0.00 ms.
Mono: successfully reloaded assembly
- Completed reload, in  0.618 seconds
Platform modules already initialized, skipping
Switching build target platform(19) subTarget(0) extendedPlatform(0) -> platform(13) subTarget(537395200) extendedPlatform(0)
Refreshing native plugins compatible for Editor in 0.32 ms, found 3 plugins.
Preloading 0 native plugins for Editor in 0.00 ms.
Unloading 2149 Unused Serialized files (Serialized files now loaded: 0)
System memory in use before: 100.6 MB.
System memory in use after: 100.7 MB.

Unloading 23 unused Assets to reduce memory usage. Loaded Objects now: 2874.
Total: 1.608200 ms (FindLiveObjects: 0.143300 ms CreateObjectMapping: 0.043900 ms MarkObjects: 1.331900 ms  DeleteObjects: 0.088300 ms)

AssetImportParameters requested are different than current active one (requested -> active):
  custom:graphics/normal-map-encoding: 01000000000000000000000000000000 -> 02000000000000000000000000000000
========================================================================
Received Prepare
Registering precompiled user dll's ...
Registered in 0.001855 seconds.
Begin MonoManager ReloadAssembly
Native extension for WindowsStandalone target not found
Refreshing native plugins compatible for Editor in 0.31 ms, found 3 plugins.
Preloading 0 native plugins for Editor in 0.00 ms.
Mono: successfully reloaded assembly
- Completed reload, in  0.613 seconds
Platform modules already initialized, skipping
Switching build target platform(19) subTarget(0) extendedPlatform(0) -> platform(13) subTarget(537395200) extendedPlatform(0)
Refreshing native plugins compatible for Editor in 0.32 ms, found 3 plugins.
Preloading 0 native plugins for Editor in 0.00 ms.
Unloading 2148 Unused Serialized files (Serialized files now loaded: 0)
System memory in use before: 100.5 MB.
System memory in use after: 100.5 MB.

Unloading 21 unused Assets to reduce memory usage. Loaded Objects now: 2878.
Total: 1.486300 ms (FindLiveObjects: 0.150300 ms CreateObjectMapping: 0.036900 ms MarkObjects: 1.207600 ms  DeleteObjects: 0.090500 ms)

AssetImportParameters requested are different than current active one (requested -> active):
  custom:graphics/normal-map-encoding: 01000000000000000000000000000000 -> 02000000000000000000000000000000
========================================================================
Received Prepare
Registering precompiled user dll's ...
Registered in 0.001906 seconds.
Begin MonoManager ReloadAssembly
Native extension for WindowsStandalone target not found
Refreshing native plugins compatible for Editor in 0.32 ms, found 3 plugins.
Preloading 0 native plugins for Editor in 0.00 ms.
Mono: successfully reloaded assembly
- Completed reload, in  0.661 seconds
Platform modules already initialized, skipping
Switching build target platform(19) subTarget(0) extendedPlatform(0) -> platform(13) subTarget(537395200) extendedPlatform(0)
Refreshing native plugins compatible for Editor in 0.33 ms, found 3 plugins.
Preloading 0 native plugins for Editor in 0.00 ms.
Unloading 2148 Unused Serialized files (Serialized files now loaded: 0)
System memory in use before: 100.5 MB.
System memory in use after: 100.5 MB.

Unloading 21 unused Assets to reduce memory usage. Loaded Objects now: 2882.
Total: 1.638600 ms (FindLiveObjects: 0.155300 ms CreateObjectMapping: 0.041000 ms MarkObjects: 1.359400 ms  DeleteObjects: 0.082300 ms)

AssetImportParameters requested are different than current active one (requested -> active):
  custom:graphics/normal-map-encoding: 01000000000000000000000000000000 -> 02000000000000000000000000000000
========================================================================
Received Prepare
Registering precompiled user dll's ...
Registered in 0.001742 seconds.
Begin MonoManager ReloadAssembly
Native extension for WindowsStandalone target not found
Refreshing native plugins compatible for Editor in 0.34 ms, found 3 plugins.
Preloading 0 native plugins for Editor in 0.00 ms.
Mono: successfully reloaded assembly
- Completed reload, in  0.642 seconds
Platform modules already initialized, skipping
Switching build target platform(19) subTarget(0) extendedPlatform(0) -> platform(13) subTarget(537395200) extendedPlatform(0)
Refreshing native plugins compatible for Editor in 0.31 ms, found 3 plugins.
Preloading 0 native plugins for Editor in 0.00 ms.
Unloading 2148 Unused Serialized files (Serialized files now loaded: 0)
System memory in use before: 100.5 MB.
System memory in use after: 100.6 MB.

Unloading 21 unused Assets to reduce memory usage. Loaded Objects now: 2886.
Total: 1.538400 ms (FindLiveObjects: 0.130100 ms CreateObjectMapping: 0.045500 ms MarkObjects: 1.289100 ms  DeleteObjects: 0.073000 ms)

AssetImportParameters requested are different than current active one (requested -> active):
  custom:graphics/normal-map-encoding: 01000000000000000000000000000000 -> 02000000000000000000000000000000
========================================================================
Received Prepare
Registering precompiled user dll's ...
Registered in 0.001758 seconds.
Begin MonoManager ReloadAssembly
Native extension for WindowsStandalone target not found
Refreshing native plugins compatible for Editor in 0.30 ms, found 3 plugins.
Preloading 0 native plugins for Editor in 0.00 ms.
Mono: successfully reloaded assembly
- Completed reload, in  0.611 seconds
Platform modules already initialized, skipping
Switching build target platform(19) subTarget(0) extendedPlatform(0) -> platform(13) subTarget(537395200) extendedPlatform(0)
Refreshing native plugins compatible for Editor in 0.32 ms, found 3 plugins.
Preloading 0 native plugins for Editor in 0.00 ms.
Unloading 2148 Unused Serialized files (Serialized files now loaded: 0)
System memory in use before: 100.5 MB.
System memory in use after: 100.6 MB.

Unloading 21 unused Assets to reduce memory usage. Loaded Objects now: 2890.
Total: 1.541400 ms (FindLiveObjects: 0.130800 ms CreateObjectMapping: 0.039400 ms MarkObjects: 1.297100 ms  DeleteObjects: 0.073300 ms)

AssetImportParameters requested are different than current active one (requested -> active):
  custom:graphics/normal-map-encoding: 01000000000000000000000000000000 -> 02000000000000000000000000000000
========================================================================
Received Prepare
Registering precompiled user dll's ...
Registered in 0.509239 seconds.
Begin MonoManager ReloadAssembly
Native extension for WindowsStandalone target not found
Refreshing native plugins compatible for Editor in 0.31 ms, found 3 plugins.
Preloading 0 native plugins for Editor in 0.00 ms.
Mono: successfully reloaded assembly
- Completed reload, in  5.428 seconds
Platform modules already initialized, skipping
Switching build target platform(19) subTarget(0) extendedPlatform(0) -> platform(13) subTarget(537395200) extendedPlatform(0)
Refreshing native plugins compatible for Editor in 0.31 ms, found 3 plugins.
Preloading 0 native plugins for Editor in 0.00 ms.
Unloading 2148 Unused Serialized files (Serialized files now loaded: 0)
System memory in use before: 100.5 MB.
System memory in use after: 100.6 MB.

Unloading 21 unused Assets to reduce memory usage. Loaded Objects now: 2894.
Total: 1.596300 ms (FindLiveObjects: 0.152100 ms CreateObjectMapping: 0.050000 ms MarkObjects: 1.308900 ms  DeleteObjects: 0.084200 ms)

AssetImportParameters requested are different than current active one (requested -> active):
  custom:graphics/normal-map-encoding: 01000000000000000000000000000000 -> 02000000000000000000000000000000
